2025-05-16 08:27:33 [http-nio-8080-exec-6] INFO  c.c.b.c.api.auth.AuthApiControllers - Intent de login per l'usuari: ciclista@example.com
2025-05-16 08:27:34 [http-nio-8080-exec-6] INFO  c.c.b.c.api.auth.AuthApiControllers - Login correcte per l'usuari: ciclista@example.com
2025-05-16 08:27:34 [http-nio-8080-exec-7] INFO  c.c.b.c.a.r.RewardApiController - Obtenint llista de recompenses disponibles
2025-05-16 08:27:34 [http-nio-8080-exec-1] INFO  c.c.b.c.a.r.RewardApiController - Obtenint llista de recompenses disponibles
2025-05-16 08:27:50 [http-nio-8080-exec-9] INFO  c.c.b.c.a.r.RewardApiController - Consultant detalls de la recompensa amb ID: 8
2025-05-16 08:27:53 [http-nio-8080-exec-2] INFO  c.c.b.c.a.r.RewardApiController - Usuari ciclista@example.com intenta sol·licitar la recompensa amb ID 8
2025-05-16 08:27:53 [http-nio-8080-exec-2] WARN  c.c.b.c.a.r.RewardApiController - Usuari ciclista@example.com no té prou saldo. Saldo: 100.0, Preu: 200.0
2025-05-16 08:27:59 [http-nio-8080-exec-3] INFO  c.c.b.c.a.r.RewardApiController - Obtenint llista de recompenses disponibles
2025-05-16 08:28:00 [http-nio-8080-exec-5] INFO  c.c.b.c.a.r.RewardApiController - Consultant detalls de la recompensa amb ID: 7
2025-05-16 08:28:03 [http-nio-8080-exec-8] INFO  c.c.b.c.a.r.RewardApiController - Usuari ciclista@example.com intenta sol·licitar la recompensa amb ID 7
2025-05-16 08:28:03 [http-nio-8080-exec-8] INFO  c.c.b.c.a.r.RewardApiController - Recompensa amb ID 7 sol·licitada correctament per ciclista@example.com
2025-05-16 08:28:03 [http-nio-8080-exec-10] INFO  c.c.b.c.a.r.RewardApiController - Obtenint llista de recompenses disponibles
2025-05-16 08:28:06 [http-nio-8080-exec-4] INFO  c.c.b.c.api.auth.AuthApiControllers - Petició per obtenir usuari complet amb email: ciclista@example.com
2025-05-16 08:28:06 [http-nio-8080-exec-4] INFO  c.c.b.c.api.auth.AuthApiControllers - Usuari ciclista@example.com trobat correctament
2025-05-16 08:28:15 [http-nio-8080-exec-3] INFO  c.c.b.c.api.auth.AuthApiControllers - Petició per obtenir DTO simple de l'usuari: ciclista@example.com
2025-05-16 08:28:15 [http-nio-8080-exec-3] INFO  c.c.b.c.api.auth.AuthApiControllers - Usuari DTO retornat per: ciclista@example.com
2025-05-16 08:28:15 [http-nio-8080-exec-5] INFO  c.c.b.c.a.r.RewardApiController - Obtenint llista de recompenses disponibles
2025-05-16 08:28:17 [http-nio-8080-exec-8] INFO  c.c.b.c.api.auth.AuthApiControllers - Petició per obtenir usuari complet amb email: ciclista@example.com
2025-05-16 08:28:17 [http-nio-8080-exec-8] INFO  c.c.b.c.api.auth.AuthApiControllers - Usuari ciclista@example.com trobat correctament
2025-05-16 08:28:32 [http-nio-8080-exec-6] INFO  c.c.b.c.api.auth.AuthApiControllers - Petició per obtenir DTO simple de l'usuari: ciclista@example.com
2025-05-16 08:28:32 [http-nio-8080-exec-6] INFO  c.c.b.c.api.auth.AuthApiControllers - Usuari DTO retornat per: ciclista@example.com
2025-05-16 08:28:33 [http-nio-8080-exec-1] INFO  c.c.b.c.a.r.RewardApiController - Obtenint llista de recompenses disponibles
2025-05-16 08:28:38 [http-nio-8080-exec-2] INFO  c.c.b.c.api.auth.AuthApiControllers - Petició per obtenir usuari complet amb email: ciclista@example.com
2025-05-16 08:28:38 [http-nio-8080-exec-2] INFO  c.c.b.c.api.auth.AuthApiControllers - Usuari ciclista@example.com trobat correctament
2025-05-16 08:55:34 [http-nio-8080-exec-2] INFO  c.c.b.c.api.auth.AuthApiControllers - Intent de login per l'usuari: ciclista@example.com
2025-05-16 08:55:34 [http-nio-8080-exec-2] INFO  c.c.b.c.api.auth.AuthApiControllers - Login correcte per l'usuari: ciclista@example.com
2025-05-16 08:55:35 [http-nio-8080-exec-3] INFO  c.c.b.c.a.r.RewardApiController - Obtenint llista de recompenses disponibles
2025-05-16 08:55:35 [http-nio-8080-exec-4] INFO  c.c.b.c.a.r.RewardApiController - Obtenint llista de recompenses disponibles
2025-05-16 08:55:36 [http-nio-8080-exec-5] INFO  c.c.b.c.api.route.RouteApiController - Rebuda petició per obtenir totes les rutes de l'usuari autenticat
2025-05-16 08:55:36 [http-nio-8080-exec-5] INFO  c.c.b.c.api.route.RouteApiController - S'han trobat 8 rutes per l'usuari ciclista@example.com
2025-05-16 08:55:48 [http-nio-8080-exec-9] INFO  c.c.b.c.a.r.RewardApiController - Obtenint llista de recompenses disponibles
2025-05-16 08:55:49 [http-nio-8080-exec-10] INFO  c.c.b.c.api.route.RouteApiController - Rebuda petició per obtenir totes les rutes de l'usuari autenticat
2025-05-16 08:55:49 [http-nio-8080-exec-10] INFO  c.c.b.c.api.route.RouteApiController - S'han trobat 8 rutes per l'usuari ciclista@example.com
2025-05-16 08:56:31 [http-nio-8080-exec-5] INFO  c.c.b.c.a.r.RewardApiController - Consultant detalls de la recompensa amb ID: 7
2025-05-16 08:56:35 [http-nio-8080-exec-9] INFO  c.c.b.c.a.r.RewardApiController - Usuari ciclista@example.com intenta recollir la recompensa amb ID 7
2025-05-16 08:56:35 [http-nio-8080-exec-9] INFO  c.c.b.c.a.r.RewardApiController - Recompensa amb ID 7 recollida correctament per ciclista@example.com
2025-05-16 08:59:38 [http-nio-8080-exec-4] INFO  c.c.b.c.api.route.RouteApiController - Rebuda petició per obtenir totes les rutes de l'usuari autenticat
2025-05-16 08:59:38 [http-nio-8080-exec-4] INFO  c.c.b.c.api.route.RouteApiController - S'han trobat 8 rutes per l'usuari ciclista@example.com
2025-05-16 08:59:47 [http-nio-8080-exec-2] INFO  c.c.b.c.a.r.RewardApiController - Obtenint llista de recompenses disponibles
2025-05-16 09:08:08 [http-nio-8080-exec-10] INFO  c.c.b.c.api.auth.AuthApiControllers - Petició per obtenir DTO simple de l'usuari: ciclista@example.com
2025-05-16 09:08:08 [http-nio-8080-exec-10] INFO  c.c.b.c.api.auth.AuthApiControllers - Usuari DTO retornat per: ciclista@example.com
2025-05-16 09:08:09 [http-nio-8080-exec-3] INFO  c.c.b.c.a.r.RewardApiController - Obtenint llista de recompenses disponibles
2025-05-16 09:08:42 [http-nio-8080-exec-7] INFO  c.c.b.c.api.route.RouteApiController - Rebuda petició per enviar una nova ruta de l'usuari ciclista@example.com
2025-05-16 09:08:42 [http-nio-8080-exec-7] INFO  c.c.b.c.api.route.RouteApiController - Ruta guardada correctament per l'usuari ciclista@example.com
2025-05-16 09:08:51 [http-nio-8080-exec-10] INFO  c.c.b.c.api.auth.AuthApiControllers - Petició per obtenir DTO simple de l'usuari: ciclista@example.com
2025-05-16 09:08:51 [http-nio-8080-exec-10] INFO  c.c.b.c.api.auth.AuthApiControllers - Usuari DTO retornat per: ciclista@example.com
2025-05-16 09:08:52 [http-nio-8080-exec-3] INFO  c.c.b.c.a.r.RewardApiController - Obtenint llista de recompenses disponibles
2025-05-16 09:09:02 [http-nio-8080-exec-1] INFO  c.c.b.c.api.route.RouteApiController - Rebuda petició per enviar una nova ruta de l'usuari ciclista@example.com
2025-05-16 09:09:02 [http-nio-8080-exec-1] INFO  c.c.b.c.api.route.RouteApiController - Ruta guardada correctament per l'usuari ciclista@example.com
2025-05-16 09:09:24 [http-nio-8080-exec-7] INFO  c.c.b.c.a.r.RewardApiController - Obtenint llista de recompenses disponibles
2025-05-16 09:09:25 [http-nio-8080-exec-8] INFO  c.c.b.c.a.r.RewardApiController - Consultant detalls de la recompensa amb ID: 5
2025-05-16 09:09:27 [http-nio-8080-exec-4] INFO  c.c.b.c.a.r.RewardApiController - Usuari ciclista@example.com intenta sol·licitar la recompensa amb ID 5
2025-05-16 09:09:27 [http-nio-8080-exec-4] INFO  c.c.b.c.a.r.RewardApiController - Recompensa amb ID 5 sol·licitada correctament per ciclista@example.com
2025-05-16 09:09:27 [http-nio-8080-exec-2] INFO  c.c.b.c.a.r.RewardApiController - Obtenint llista de recompenses disponibles
2025-05-16 09:09:32 [http-nio-8080-exec-6] INFO  c.c.b.c.a.r.RewardApiController - Obtenint llista de recompenses disponibles
2025-05-16 09:09:32 [http-nio-8080-exec-10] INFO  c.c.b.c.a.r.RewardApiController - Consultant detalls de la recompensa amb ID: 8
2025-05-16 09:09:35 [http-nio-8080-exec-3] INFO  c.c.b.c.a.r.RewardApiController - Usuari ciclista@example.com intenta sol·licitar la recompensa amb ID 8
2025-05-16 09:09:35 [http-nio-8080-exec-3] WARN  c.c.b.c.a.r.RewardApiController - Usuari ciclista@example.com no té prou saldo. Saldo: 90.0, Preu: 200.0
2025-05-16 09:09:36 [http-nio-8080-exec-9] INFO  c.c.b.c.a.r.RewardApiController - Obtenint llista de recompenses disponibles
2025-05-16 09:09:37 [http-nio-8080-exec-1] INFO  c.c.b.c.a.r.RewardApiController - Consultant detalls de la recompensa amb ID: 9
2025-05-16 09:09:39 [http-nio-8080-exec-7] INFO  c.c.b.c.a.r.RewardApiController - Usuari ciclista@example.com intenta sol·licitar la recompensa amb ID 9
2025-05-16 09:09:39 [http-nio-8080-exec-7] INFO  c.c.b.c.a.r.RewardApiController - Recompensa amb ID 9 sol·licitada correctament per ciclista@example.com
2025-05-16 09:09:39 [http-nio-8080-exec-8] INFO  c.c.b.c.a.r.RewardApiController - Obtenint llista de recompenses disponibles
2025-05-16 09:17:06 [http-nio-8080-exec-8] INFO  c.c.b.c.api.auth.AuthApiControllers - Petició per obtenir DTO simple de l'usuari: ciclista@example.com
2025-05-16 09:17:06 [http-nio-8080-exec-8] INFO  c.c.b.c.api.auth.AuthApiControllers - Usuari DTO retornat per: ciclista@example.com
2025-05-16 09:17:07 [http-nio-8080-exec-4] INFO  c.c.b.c.a.r.RewardApiController - Obtenint llista de recompenses disponibles
2025-05-16 09:17:09 [http-nio-8080-exec-2] INFO  c.c.b.c.a.r.RewardApiController - Consultant detalls de la recompensa amb ID: 8
2025-05-16 09:17:12 [http-nio-8080-exec-5] INFO  c.c.b.c.a.r.RewardApiController - Usuari ciclista@example.com intenta sol·licitar la recompensa amb ID 8
2025-05-16 09:17:12 [http-nio-8080-exec-5] WARN  c.c.b.c.a.r.RewardApiController - Usuari ciclista@example.com no té prou saldo. Saldo: 90.0, Preu: 200.0
2025-05-16 09:17:37 [http-nio-8080-exec-7] INFO  c.c.b.c.a.r.RewardApiController - Usuari ciclista@example.com intenta sol·licitar la recompensa amb ID 8
2025-05-16 09:17:37 [http-nio-8080-exec-7] INFO  c.c.b.c.a.r.RewardApiController - Recompensa amb ID 8 sol·licitada correctament per ciclista@example.com
2025-05-16 09:17:37 [http-nio-8080-exec-5] INFO  c.c.b.c.a.r.RewardApiController - Obtenint llista de recompenses disponibles
2025-05-16 09:23:36 [http-nio-8080-exec-2] INFO  c.c.b.c.api.auth.AuthApiControllers - Intent de login per l'usuari: ciclista@example.com
2025-05-16 09:23:36 [http-nio-8080-exec-2] INFO  c.c.b.c.api.auth.AuthApiControllers - Login correcte per l'usuari: ciclista@example.com
2025-05-16 09:23:37 [http-nio-8080-exec-4] INFO  c.c.b.c.a.r.RewardApiController - Obtenint llista de recompenses disponibles
2025-05-16 09:23:37 [http-nio-8080-exec-3] INFO  c.c.b.c.a.r.RewardApiController - Obtenint llista de recompenses disponibles
2025-05-16 09:24:07 [http-nio-8080-exec-1] INFO  c.c.b.c.a.r.RewardApiController - Obtenint llista de recompenses disponibles
2025-05-16 09:24:09 [http-nio-8080-exec-2] INFO  c.c.b.c.a.r.RewardApiController - Consultant detalls de la recompensa amb ID: 5
2025-05-16 09:24:11 [http-nio-8080-exec-9] INFO  c.c.b.c.a.r.RewardApiController - Usuari ciclista@example.com intenta sol·licitar la recompensa amb ID 5
2025-05-16 09:24:11 [http-nio-8080-exec-9] WARN  c.c.b.c.a.r.RewardApiController - Usuari ciclista@example.com ja té una recompensa activa
2025-05-16 09:24:28 [http-nio-8080-exec-4] INFO  c.c.b.c.a.r.RewardApiController - Obtenint llista de recompenses disponibles
2025-05-16 09:24:29 [http-nio-8080-exec-8] INFO  c.c.b.c.a.r.RewardApiController - Consultant detalls de la recompensa amb ID: 5
2025-05-16 09:24:31 [http-nio-8080-exec-1] INFO  c.c.b.c.a.r.RewardApiController - Usuari ciclista@example.com intenta sol·licitar la recompensa amb ID 5
2025-05-16 09:24:31 [http-nio-8080-exec-1] WARN  c.c.b.c.a.r.RewardApiController - Usuari ciclista@example.com ja té una recompensa activa
2025-05-16 09:24:35 [http-nio-8080-exec-10] INFO  c.c.b.c.a.r.RewardApiController - Consultant detalls de la recompensa amb ID: 8
2025-05-16 09:24:36 [http-nio-8080-exec-2] INFO  c.c.b.c.a.r.RewardApiController - Usuari ciclista@example.com intenta recollir la recompensa amb ID 8
2025-05-16 09:24:36 [http-nio-8080-exec-2] INFO  c.c.b.c.a.r.RewardApiController - Recompensa amb ID 8 recollida correctament per ciclista@example.com
2025-05-16 09:24:40 [http-nio-8080-exec-4] INFO  c.c.b.c.a.r.RewardApiController - Obtenint llista de recompenses disponibles
2025-05-16 09:24:40 [http-nio-8080-exec-8] INFO  c.c.b.c.a.r.RewardApiController - Consultant detalls de la recompensa amb ID: 5
2025-05-16 09:24:43 [http-nio-8080-exec-1] INFO  c.c.b.c.a.r.RewardApiController - Usuari ciclista@example.com intenta sol·licitar la recompensa amb ID 5
2025-05-16 09:24:43 [http-nio-8080-exec-1] INFO  c.c.b.c.a.r.RewardApiController - Recompensa amb ID 5 sol·licitada correctament per ciclista@example.com
2025-05-16 09:24:43 [http-nio-8080-exec-7] INFO  c.c.b.c.a.r.RewardApiController - Obtenint llista de recompenses disponibles
2025-05-16 09:30:58 [http-nio-8080-exec-6] INFO  c.c.b.c.a.r.RewardApiController - Obtenint llista de recompenses disponibles
2025-05-16 09:31:02 [http-nio-8080-exec-9] INFO  c.c.b.c.a.r.RewardApiController - Consultant detalls de la recompensa amb ID: 8
2025-05-16 09:31:05 [http-nio-8080-exec-5] INFO  c.c.b.c.a.r.RewardApiController - Usuari ciclista@example.com intenta sol·licitar la recompensa amb ID 8
2025-05-16 09:31:05 [http-nio-8080-exec-5] INFO  c.c.b.c.a.r.RewardApiController - Recompensa amb ID 8 sol·licitada correctament per ciclista@example.com
2025-05-16 09:31:05 [http-nio-8080-exec-3] INFO  c.c.b.c.a.r.RewardApiController - Obtenint llista de recompenses disponibles
2025-05-16 09:31:09 [http-nio-8080-exec-8] INFO  c.c.b.c.a.r.RewardApiController - Consultant detalls de la recompensa amb ID: 9
2025-05-16 09:31:11 [http-nio-8080-exec-10] INFO  c.c.b.c.a.r.RewardApiController - Usuari ciclista@example.com intenta sol·licitar la recompensa amb ID 9
2025-05-16 09:31:11 [http-nio-8080-exec-10] WARN  c.c.b.c.a.r.RewardApiController - Usuari ciclista@example.com ja té una recompensa activa
2025-05-16 09:31:18 [http-nio-8080-exec-1] INFO  c.c.b.c.a.r.RewardApiController - Obtenint llista de recompenses disponibles
2025-05-16 09:31:35 [http-nio-8080-exec-1] INFO  c.c.b.c.a.r.RewardApiController - Obtenint recompenses per a l'usuari amb mail: ciclista@example.com
2025-05-16 10:04:39 [http-nio-8080-exec-2] INFO  c.c.b.c.api.auth.AuthApiControllers - Intent de login per l'usuari: ciclista@example.com
2025-05-16 10:04:39 [http-nio-8080-exec-2] INFO  c.c.b.c.api.auth.AuthApiControllers - Login correcte per l'usuari: ciclista@example.com
2025-05-16 10:04:39 [http-nio-8080-exec-5] INFO  c.c.b.c.a.r.RewardApiController - Obtenint llista de recompenses disponibles
2025-05-16 10:04:46 [http-nio-8080-exec-3] INFO  c.c.b.c.api.route.RouteApiController - Rebuda petició per obtenir totes les rutes de l'usuari autenticat
2025-05-16 10:04:46 [http-nio-8080-exec-3] INFO  c.c.b.c.api.route.RouteApiController - S'han trobat 10 rutes per l'usuari ciclista@example.com
2025-05-16 10:05:00 [http-nio-8080-exec-8] INFO  c.c.b.c.a.r.RewardApiController - Obtenint llista de recompenses disponibles
2025-05-16 10:08:16 [http-nio-8080-exec-6] INFO  c.c.b.c.a.r.RewardApiController - Obtenint llista de recompenses disponibles
2025-05-16 10:08:19 [http-nio-8080-exec-3] INFO  c.c.b.c.api.route.RouteApiController - Rebuda petició per obtenir totes les rutes de l'usuari autenticat
2025-05-16 10:08:19 [http-nio-8080-exec-3] INFO  c.c.b.c.api.route.RouteApiController - S'han trobat 10 rutes per l'usuari ciclista@example.com
2025-05-16 11:36:14 [http-nio-8080-exec-9] INFO  c.c.b.c.api.auth.AuthApiControllers - Petició per obtenir DTO simple de l'usuari: ciclista@example.com
2025-05-16 11:36:14 [http-nio-8080-exec-9] INFO  c.c.b.c.api.auth.AuthApiControllers - Usuari DTO retornat per: ciclista@example.com
2025-05-16 11:36:15 [http-nio-8080-exec-7] INFO  c.c.b.c.a.r.RewardApiController - Obtenint llista de recompenses disponibles
2025-05-16 11:36:27 [http-nio-8080-exec-5] INFO  c.c.b.c.a.r.RewardApiController - Consultant detalls de la recompensa amb ID: 8
2025-05-16 11:36:33 [http-nio-8080-exec-6] INFO  c.c.b.c.a.r.RewardApiController - Obtenint recompenses per a l'usuari amb mail: ciclista@example.com
2025-05-16 11:36:37 [http-nio-8080-exec-10] INFO  c.c.b.c.a.r.RewardApiController - Obtenint llista de recompenses disponibles
2025-05-16 11:40:28 [http-nio-8080-exec-1] INFO  c.c.b.c.api.route.RouteApiController - Rebuda petició per obtenir totes les rutes de l'usuari autenticat
2025-05-16 11:40:28 [http-nio-8080-exec-1] INFO  c.c.b.c.api.route.RouteApiController - S'han trobat 10 rutes per l'usuari ciclista@example.com
2025-05-16 11:40:29 [http-nio-8080-exec-7] INFO  c.c.b.c.a.r.RewardApiController - Obtenint llista de recompenses disponibles
2025-05-16 11:40:42 [http-nio-8080-exec-5] INFO  c.c.b.c.a.r.RewardApiController - Obtenint llista de recompenses disponibles
2025-05-16 11:40:47 [http-nio-8080-exec-6] INFO  c.c.b.c.api.route.RouteApiController - Rebuda petició per obtenir totes les rutes de l'usuari autenticat
2025-05-16 11:40:47 [http-nio-8080-exec-6] INFO  c.c.b.c.api.route.RouteApiController - S'han trobat 10 rutes per l'usuari ciclista@example.com
2025-05-16 11:40:49 [http-nio-8080-exec-3] INFO  c.c.b.c.a.r.RewardApiController - Obtenint llista de recompenses disponibles
2025-05-16 11:48:58 [http-nio-8080-exec-2] INFO  c.c.b.c.api.auth.AuthApiControllers - Intent de login per l'usuari: ciclista@example.com
2025-05-16 11:48:59 [http-nio-8080-exec-2] INFO  c.c.b.c.api.auth.AuthApiControllers - Login correcte per l'usuari: ciclista@example.com
2025-05-16 11:49:00 [http-nio-8080-exec-3] INFO  c.c.b.c.a.r.RewardApiController - Obtenint llista de recompenses disponibles
2025-05-16 11:49:00 [http-nio-8080-exec-4] INFO  c.c.b.c.a.r.RewardApiController - Obtenint llista de recompenses disponibles
2025-05-16 11:49:01 [http-nio-8080-exec-5] INFO  c.c.b.c.api.route.RouteApiController - Rebuda petició per obtenir totes les rutes de l'usuari autenticat
2025-05-16 11:49:01 [http-nio-8080-exec-5] INFO  c.c.b.c.api.route.RouteApiController - S'han trobat 10 rutes per l'usuari ciclista@example.com
2025-05-16 11:49:24 [http-nio-8080-exec-9] INFO  c.c.b.c.a.r.RewardApiController - Obtenint llista de recompenses disponibles
2025-05-16 11:49:25 [http-nio-8080-exec-10] INFO  c.c.b.c.api.route.RouteApiController - Rebuda petició per obtenir totes les rutes de l'usuari autenticat
2025-05-16 11:49:25 [http-nio-8080-exec-10] INFO  c.c.b.c.api.route.RouteApiController - S'han trobat 10 rutes per l'usuari ciclista@example.com
2025-05-16 11:49:26 [http-nio-8080-exec-1] INFO  c.c.b.c.a.r.RewardApiController - Obtenint llista de recompenses disponibles
2025-05-16 11:49:31 [http-nio-8080-exec-3] INFO  c.c.b.c.api.route.RouteApiController - Rebuda petició per obtenir totes les rutes de l'usuari autenticat
2025-05-16 11:49:31 [http-nio-8080-exec-3] INFO  c.c.b.c.api.route.RouteApiController - S'han trobat 10 rutes per l'usuari ciclista@example.com
2025-05-16 11:49:33 [http-nio-8080-exec-4] INFO  c.c.b.c.a.r.RewardApiController - Obtenint llista de recompenses disponibles
2025-05-16 11:49:38 [http-nio-8080-exec-6] INFO  c.c.b.c.api.route.RouteApiController - Rebuda petició per obtenir totes les rutes de l'usuari autenticat
2025-05-16 11:49:38 [http-nio-8080-exec-6] INFO  c.c.b.c.api.route.RouteApiController - S'han trobat 10 rutes per l'usuari ciclista@example.com
2025-05-16 11:50:08 [http-nio-8080-exec-4] INFO  c.c.b.c.a.r.RewardApiController - Obtenint llista de recompenses disponibles
2025-05-16 11:50:11 [http-nio-8080-exec-5] INFO  c.c.b.c.a.r.RewardApiController - Consultant detalls de la recompensa amb ID: 5
2025-05-16 11:50:14 [http-nio-8080-exec-7] INFO  c.c.b.c.a.r.RewardApiController - Obtenint llista de recompenses disponibles
2025-05-16 11:50:54 [http-nio-8080-exec-8] INFO  c.c.b.c.a.r.RewardApiController - Consultant detalls de la recompensa amb ID: 5
2025-05-16 11:50:57 [http-nio-8080-exec-9] INFO  c.c.b.c.a.r.RewardApiController - Obtenint llista de recompenses disponibles
2025-05-16 11:54:18 [http-nio-8080-exec-2] INFO  c.c.b.c.api.auth.AuthApiControllers - Intent de login per l'usuari: ciclista@example.com
2025-05-16 11:54:19 [http-nio-8080-exec-2] INFO  c.c.b.c.api.auth.AuthApiControllers - Login correcte per l'usuari: ciclista@example.com
2025-05-16 11:54:19 [http-nio-8080-exec-3] INFO  c.c.b.c.a.r.RewardApiController - Obtenint llista de recompenses disponibles
2025-05-16 11:54:19 [http-nio-8080-exec-4] INFO  c.c.b.c.a.r.RewardApiController - Obtenint llista de recompenses disponibles
2025-05-16 11:54:21 [http-nio-8080-exec-5] INFO  c.c.b.c.api.route.RouteApiController - Rebuda petició per obtenir totes les rutes de l'usuari autenticat
2025-05-16 11:54:21 [http-nio-8080-exec-5] INFO  c.c.b.c.api.route.RouteApiController - S'han trobat 10 rutes per l'usuari ciclista@example.com
2025-05-16 11:54:22 [http-nio-8080-exec-6] INFO  c.c.b.c.api.route.RouteApiController - Rebuda petició per obtenir la ruta amb ID 2
2025-05-16 11:54:22 [http-nio-8080-exec-6] INFO  c.c.b.c.api.route.RouteApiController - Ruta amb ID 2 retornada correctament
2025-05-16 11:54:31 [http-nio-8080-exec-7] INFO  c.c.b.c.api.route.RouteApiController - Rebuda petició per obtenir totes les rutes de l'usuari autenticat
2025-05-16 11:54:31 [http-nio-8080-exec-7] INFO  c.c.b.c.api.route.RouteApiController - S'han trobat 10 rutes per l'usuari ciclista@example.com
2025-05-16 11:54:32 [http-nio-8080-exec-8] INFO  c.c.b.c.api.route.RouteApiController - Rebuda petició per obtenir la ruta amb ID 2
2025-05-16 11:54:32 [http-nio-8080-exec-8] INFO  c.c.b.c.api.route.RouteApiController - Ruta amb ID 2 retornada correctament
2025-05-16 11:54:34 [http-nio-8080-exec-9] INFO  c.c.b.c.a.r.RewardApiController - Obtenint llista de recompenses disponibles
2025-05-16 11:54:38 [http-nio-8080-exec-1] INFO  c.c.b.c.api.route.RouteApiController - Rebuda petició per obtenir totes les rutes de l'usuari autenticat
2025-05-16 11:54:38 [http-nio-8080-exec-1] INFO  c.c.b.c.api.route.RouteApiController - S'han trobat 10 rutes per l'usuari ciclista@example.com
2025-05-16 11:54:38 [http-nio-8080-exec-2] INFO  c.c.b.c.a.r.RewardApiController - Obtenint llista de recompenses disponibles
2025-05-16 11:54:39 [http-nio-8080-exec-3] INFO  c.c.b.c.api.route.RouteApiController - Rebuda petició per obtenir totes les rutes de l'usuari autenticat
2025-05-16 11:54:39 [http-nio-8080-exec-3] INFO  c.c.b.c.api.route.RouteApiController - S'han trobat 10 rutes per l'usuari ciclista@example.com
2025-05-16 11:54:41 [http-nio-8080-exec-4] INFO  c.c.b.c.api.route.RouteApiController - Rebuda petició per obtenir la ruta amb ID 2
2025-05-16 11:54:41 [http-nio-8080-exec-4] INFO  c.c.b.c.api.route.RouteApiController - Ruta amb ID 2 retornada correctament
2025-05-16 11:54:43 [http-nio-8080-exec-6] INFO  c.c.b.c.api.route.RouteApiController - Rebuda petició per obtenir totes les rutes de l'usuari autenticat
2025-05-16 11:54:43 [http-nio-8080-exec-6] INFO  c.c.b.c.api.route.RouteApiController - S'han trobat 10 rutes per l'usuari ciclista@example.com
2025-05-16 11:54:44 [http-nio-8080-exec-7] INFO  c.c.b.c.a.r.RewardApiController - Obtenint llista de recompenses disponibles
2025-05-16 12:08:51 [http-nio-8080-exec-1] INFO  c.c.b.c.api.route.RouteApiController - Rebuda petició per obtenir totes les rutes de l'usuari autenticat
2025-05-16 12:08:51 [http-nio-8080-exec-1] INFO  c.c.b.c.api.route.RouteApiController - S'han trobat 10 rutes per l'usuari ciclista@example.com
2025-05-16 12:08:53 [http-nio-8080-exec-7] INFO  c.c.b.c.api.route.RouteApiController - Rebuda petició per obtenir la ruta amb ID 1
2025-05-16 12:08:53 [http-nio-8080-exec-7] INFO  c.c.b.c.api.route.RouteApiController - Ruta amb ID 1 retornada correctament
2025-05-16 12:09:06 [http-nio-8080-exec-6] INFO  c.c.b.c.api.route.RouteApiController - Rebuda petició per obtenir totes les rutes de l'usuari autenticat
2025-05-16 12:09:06 [http-nio-8080-exec-6] INFO  c.c.b.c.api.route.RouteApiController - S'han trobat 10 rutes per l'usuari ciclista@example.com
2025-05-16 12:09:46 [http-nio-8080-exec-4] INFO  c.c.b.c.a.r.RewardApiController - Obtenint llista de recompenses disponibles
2025-05-16 12:09:48 [http-nio-8080-exec-8] INFO  c.c.b.c.a.r.RewardApiController - Consultant detalls de la recompensa amb ID: 8
2025-05-16 12:09:51 [http-nio-8080-exec-1] INFO  c.c.b.c.a.r.RewardApiController - Usuari ciclista@example.com intenta recollir la recompensa amb ID 8
2025-05-16 12:09:51 [http-nio-8080-exec-1] INFO  c.c.b.c.a.r.RewardApiController - Recompensa amb ID 8 recollida correctament per ciclista@example.com
2025-05-16 12:10:12 [http-nio-8080-exec-5] INFO  c.c.b.c.a.r.RewardApiController - Obtenint llista de recompenses disponibles
