2025-05-12 09:03:41 [http-nio-8080-exec-10] INFO  c.c.b.c.api.route.RouteApiController - Rebuda petició per obtenir totes les rutes de l'usuari autenticat
2025-05-12 09:03:41 [http-nio-8080-exec-10] INFO  c.c.b.c.api.route.RouteApiController - S'han trobat 8 rutes per l'usuari ciclista@example.com
2025-05-12 09:03:44 [http-nio-8080-exec-9] INFO  c.c.b.c.a.r.RewardApiController - Obtenint llista de recompenses disponibles
2025-05-12 09:03:49 [http-nio-8080-exec-1] INFO  c.c.b.c.api.route.RouteApiController - Rebuda petició per obtenir totes les rutes de l'usuari autenticat
2025-05-12 09:03:49 [http-nio-8080-exec-1] INFO  c.c.b.c.api.route.RouteApiController - S'han trobat 8 rutes per l'usuari ciclista@example.com
2025-05-12 09:14:14 [http-nio-8080-exec-4] INFO  c.c.b.c.a.r.RewardApiController - Obtenint llista de recompenses disponibles
2025-05-12 09:14:14 [http-nio-8080-exec-6] INFO  c.c.b.c.a.r.RewardApiController - Obtenint llista de recompenses disponibles
2025-05-12 09:16:41 [http-nio-8080-exec-4] INFO  c.c.b.c.a.r.RewardApiController - Obtenint llista de recompenses disponibles
2025-05-12 09:16:41 [http-nio-8080-exec-2] INFO  c.c.b.c.a.r.RewardApiController - Obtenint llista de recompenses disponibles
2025-05-12 09:57:47 [http-nio-8080-exec-4] INFO  c.c.b.c.a.r.RewardApiController - Obtenint llista de recompenses disponibles
2025-05-12 09:57:48 [http-nio-8080-exec-5] INFO  c.c.b.c.a.r.RewardApiController - Consultant detalls de la recompensa amb ID: 5
2025-05-12 09:57:50 [http-nio-8080-exec-10] INFO  c.c.b.c.a.r.RewardApiController - Usuari ciclista@example.com intenta sol·licitar la recompensa amb ID 5
2025-05-12 09:57:50 [http-nio-8080-exec-10] INFO  c.c.b.c.a.r.RewardApiController - Recompensa amb ID 5 sol·licitada correctament per ciclista@example.com
2025-05-12 09:57:50 [http-nio-8080-exec-7] INFO  c.c.b.c.a.r.RewardApiController - Obtenint llista de recompenses disponibles
2025-05-12 09:58:02 [http-nio-8080-exec-2] INFO  c.c.b.c.a.r.RewardApiController - Consultant detalls de la recompensa amb ID: 5
2025-05-12 09:58:04 [http-nio-8080-exec-8] INFO  c.c.b.c.a.r.RewardApiController - Usuari ciclista@example.com intenta recollir la recompensa amb ID 5
2025-05-12 09:58:04 [http-nio-8080-exec-8] INFO  c.c.b.c.a.r.RewardApiController - Recompensa amb ID 5 recollida correctament per ciclista@example.com
2025-05-12 09:58:36 [http-nio-8080-exec-1] INFO  c.c.b.c.a.r.RewardApiController - Obtenint llista de recompenses disponibles
2025-05-12 09:58:41 [http-nio-8080-exec-7] INFO  c.c.b.c.api.route.RouteApiController - Rebuda petició per obtenir totes les rutes de l'usuari autenticat
2025-05-12 09:58:41 [http-nio-8080-exec-7] INFO  c.c.b.c.api.route.RouteApiController - S'han trobat 8 rutes per l'usuari ciclista@example.com
2025-05-12 09:59:46 [http-nio-8080-exec-7] INFO  c.c.b.c.api.route.RouteApiController - Rebuda petició per obtenir la ruta amb ID 9
2025-05-12 09:59:46 [http-nio-8080-exec-7] INFO  c.c.b.c.api.route.RouteApiController - Ruta amb ID 9 retornada correctament
2025-05-12 09:59:51 [http-nio-8080-exec-5] INFO  c.c.b.c.api.route.RouteApiController - Rebuda petició per obtenir totes les rutes de l'usuari autenticat
2025-05-12 09:59:51 [http-nio-8080-exec-5] INFO  c.c.b.c.api.route.RouteApiController - S'han trobat 8 rutes per l'usuari ciclista@example.com
2025-05-12 09:59:53 [http-nio-8080-exec-10] INFO  c.c.b.c.a.r.RewardApiController - Obtenint llista de recompenses disponibles
