2025-05-16 08:20:51 [restartedMain] INFO  cat.copernic.backend.EntreBicis - Starting EntreBicis using Java 21.0.5 with PID 13684 (C:\Users\carlo\Desktop\CFGS2\Proyectos\EntreBicis\backend\target\classes started by carlo in C:\Users\carlo\Desktop\CFGS2\Proyectos\EntreBicis\backend)
2025-05-16 08:20:51 [restartedMain] INFO  cat.copernic.backend.EntreBicis - No active profile set, falling back to 1 default profile: "default"
2025-05-16 08:20:51 [restartedMain] INFO  o.s.b.d.e.DevToolsPropertyDefaultsPostProcessor - Devtools property defaults active! Set 'spring.devtools.add-properties' to 'false' to disable
2025-05-16 08:20:51 [restartedMain] INFO  o.s.b.d.e.DevToolsPropertyDefaultsPostProcessor - For additional web related logging consider setting the 'logging.level.web' property to 'DEBUG'
2025-05-16 08:20:53 [restartedMain] INFO  o.s.d.r.c.RepositoryConfigurationDelegate - Bootstrapping Spring Data JPA repositories in DEFAULT mode.
2025-05-16 08:20:53 [restartedMain] INFO  o.s.d.r.c.RepositoryConfigurationDelegate - Finished Spring Data repository scanning in 110 ms. Found 6 JPA repository interfaces.
2025-05-16 08:20:54 [restartedMain] INFO  o.s.b.w.e.tomcat.TomcatWebServer - Tomcat initialized with port 8080 (http)
2025-05-16 08:20:54 [restartedMain] INFO  o.a.coyote.http11.Http11NioProtocol - Initializing ProtocolHandler ["http-nio-8080"]
2025-05-16 08:20:54 [restartedMain] INFO  o.a.catalina.core.StandardService - Starting service [Tomcat]
2025-05-16 08:20:54 [restartedMain] INFO  o.a.catalina.core.StandardEngine - Starting Servlet engine: [Apache Tomcat/10.1.31]
2025-05-16 08:20:54 [restartedMain] INFO  o.a.c.c.C.[Tomcat].[localhost].[/] - Initializing Spring embedded WebApplicationContext
2025-05-16 08:20:54 [restartedMain] INFO  o.s.b.w.s.c.ServletWebServerApplicationContext - Root WebApplicationContext: initialization completed in 2288 ms
2025-05-16 08:20:54 [restartedMain] INFO  com.zaxxer.hikari.HikariDataSource - HikariPool-1 - Starting...
2025-05-16 08:20:54 [restartedMain] INFO  com.zaxxer.hikari.pool.HikariPool - HikariPool-1 - Added connection com.mysql.cj.jdbc.ConnectionImpl@5b56ee0c
2025-05-16 08:20:54 [restartedMain] INFO  com.zaxxer.hikari.HikariDataSource - HikariPool-1 - Start completed.
2025-05-16 08:20:54 [restartedMain] INFO  o.s.b.a.h.H2ConsoleAutoConfiguration - H2 console available at '/h2-console'. Database available at 'jdbc:mysql://localhost:3306/EntreBicisDataB?createDatabaseIfNotExist=true'
2025-05-16 08:20:55 [restartedMain] INFO  o.h.jpa.internal.util.LogHelper - HHH000204: Processing PersistenceUnitInfo [name: default]
2025-05-16 08:20:55 [restartedMain] INFO  org.hibernate.Version - HHH000412: Hibernate ORM core version 6.5.3.Final
2025-05-16 08:20:55 [restartedMain] INFO  o.h.c.i.RegionFactoryInitiator - HHH000026: Second-level cache disabled
2025-05-16 08:20:55 [restartedMain] INFO  o.s.o.j.p.SpringPersistenceUnitInfo - No LoadTimeWeaver setup: ignoring JPA class transformer
2025-05-16 08:20:56 [restartedMain] INFO  o.h.e.t.j.p.i.JtaPlatformInitiator - HHH000489: No JTA platform available (set 'hibernate.transaction.jta.platform' to enable JTA platform integration)
2025-05-16 08:20:56 [restartedMain] INFO  o.s.o.j.LocalContainerEntityManagerFactoryBean - Initialized JPA EntityManagerFactory for persistence unit 'default'
2025-05-16 08:20:57 [restartedMain] WARN  o.s.b.a.o.j.JpaBaseConfiguration$JpaWebConfiguration - spring.jpa.open-in-view is enabled by default. Therefore, database queries may be performed during view rendering. Explicitly configure spring.jpa.open-in-view to disable this warning
2025-05-16 08:20:57 [restartedMain] INFO  o.s.s.c.a.a.c.InitializeAuthenticationProviderBeanManagerConfigurer$InitializeAuthenticationProviderManagerConfigurer - Global AuthenticationManager configured with AuthenticationProvider bean with name authProvider
2025-05-16 08:20:57 [restartedMain] WARN  o.s.s.c.a.a.c.InitializeUserDetailsBeanManagerConfigurer$InitializeUserDetailsManagerConfigurer - Global AuthenticationManager configured with an AuthenticationProvider bean. UserDetailsService beans will not be used for username/password login. Consider removing the AuthenticationProvider bean. Alternatively, consider using the UserDetailsService in a manually instantiated DaoAuthenticationProvider.
2025-05-16 08:20:57 [restartedMain] INFO  o.s.b.a.w.s.WelcomePageHandlerMapping - Adding welcome page template: index
2025-05-16 08:20:58 [restartedMain] WARN  o.t.templatemode.TemplateMode - [THYMELEAF][restartedMain] Unknown Template Mode 'HTML5'. Must be one of: 'HTML', 'XML', 'TEXT', 'JAVASCRIPT', 'CSS', 'RAW'. Using default Template Mode 'HTML'.
2025-05-16 08:20:58 [restartedMain] INFO  o.s.b.d.a.OptionalLiveReloadServer - LiveReload server is running on port 35729
2025-05-16 08:20:58 [restartedMain] INFO  o.a.coyote.http11.Http11NioProtocol - Starting ProtocolHandler ["http-nio-8080"]
2025-05-16 08:20:58 [restartedMain] INFO  o.s.b.w.e.tomcat.TomcatWebServer - Tomcat started on port 8080 (http) with context path '/'
2025-05-16 08:20:58 [restartedMain] INFO  cat.copernic.backend.EntreBicis - Started EntreBicis in 7.373 seconds (process running for 7.962)
2025-05-16 08:21:14 [http-nio-8080-exec-1] INFO  o.a.c.c.C.[Tomcat].[localhost].[/] - Initializing Spring DispatcherServlet 'dispatcherServlet'
2025-05-16 08:21:14 [http-nio-8080-exec-1] INFO  o.s.web.servlet.DispatcherServlet - Initializing Servlet 'dispatcherServlet'
2025-05-16 08:21:14 [http-nio-8080-exec-1] INFO  o.s.web.servlet.DispatcherServlet - Completed initialization in 2 ms
2025-05-16 08:21:15 [http-nio-8080-exec-2] INFO  c.c.b.c.auth.AuthController - Acceso a la vista de login
2025-05-16 08:21:17 [http-nio-8080-exec-6] INFO  c.c.b.c.auth.AuthController - Acceso a la vista de login
2025-05-16 08:21:22 [http-nio-8080-exec-6] INFO  c.c.b.controllers.UserController - Accés a la llista d'usuaris
2025-05-16 08:21:27 [http-nio-8080-exec-10] INFO  c.c.b.controllers.UserController - Accés al formulari d'edició per a l'usuari: cmendoza@alumnat.copernic.cat
2025-05-16 08:21:37 [http-nio-8080-exec-3] INFO  c.c.b.controllers.UserController - Accés a la llista d'usuaris
2025-05-16 08:21:38 [http-nio-8080-exec-7] INFO  c.c.b.controllers.RewardController - Visualització de la llista de recompenses (admin)
2025-05-16 08:21:40 [http-nio-8080-exec-8] INFO  c.c.b.controllers.RouteControllers - Consulta de llista completa de rutes
2025-05-16 08:21:42 [http-nio-8080-exec-5] INFO  c.c.b.c.SystemParametersController - Accés al formulari de paràmetres del sistema
2025-05-16 08:21:46 [http-nio-8080-exec-7] INFO  c.c.b.controllers.UserController - Accés a la llista d'usuaris
2025-05-16 08:21:53 [http-nio-8080-exec-2] INFO  c.c.b.controllers.RouteControllers - Consulta de llista completa de rutes
2025-05-16 08:21:54 [http-nio-8080-exec-8] INFO  c.c.b.controllers.RouteControllers - Visualització de detall de ruta amb id 8
2025-05-16 08:22:02 [http-nio-8080-exec-2] INFO  c.c.b.controllers.RouteControllers - Intent d'invalidació de la ruta amb id 8
2025-05-16 08:22:02 [http-nio-8080-exec-2] INFO  c.c.b.controllers.RouteControllers - Ruta amb id 8 invalidada correctament
2025-05-16 08:22:02 [http-nio-8080-exec-5] INFO  c.c.b.controllers.RouteControllers - Visualització de detall de ruta amb id 8
2025-05-16 08:24:00 [http-nio-8080-exec-5] INFO  c.c.b.controllers.RouteControllers - Consulta de llista completa de rutes
2025-05-16 08:24:13 [http-nio-8080-exec-10] INFO  c.c.b.controllers.RewardController - Visualització de la llista de recompenses (admin)
2025-05-16 08:24:15 [http-nio-8080-exec-4] INFO  c.c.b.controllers.RewardController - Accés al formulari d'edició per la recompensa amb id 5
2025-05-16 08:24:18 [http-nio-8080-exec-3] INFO  c.c.b.controllers.RewardController - Recompensa editada amb id 5
2025-05-16 08:24:18 [http-nio-8080-exec-9] INFO  c.c.b.controllers.RewardController - Visualització de la llista de recompenses (admin)
2025-05-16 08:24:19 [http-nio-8080-exec-2] INFO  c.c.b.controllers.RewardController - Accés al formulari d'edició per la recompensa amb id 7
2025-05-16 08:24:22 [http-nio-8080-exec-4] INFO  c.c.b.controllers.RewardController - Recompensa editada amb id 7
2025-05-16 08:24:22 [http-nio-8080-exec-1] INFO  c.c.b.controllers.RewardController - Visualització de la llista de recompenses (admin)
2025-05-16 08:24:23 [http-nio-8080-exec-6] INFO  c.c.b.controllers.RewardController - Accés al formulari d'edició per la recompensa amb id 8
2025-05-16 08:24:26 [http-nio-8080-exec-2] INFO  c.c.b.controllers.RewardController - Recompensa editada amb id 8
2025-05-16 08:24:26 [http-nio-8080-exec-5] INFO  c.c.b.controllers.RewardController - Visualització de la llista de recompenses (admin)
2025-05-16 08:24:27 [http-nio-8080-exec-8] INFO  c.c.b.controllers.RewardController - Accés al formulari d'edició per la recompensa amb id 9
2025-05-16 08:24:29 [http-nio-8080-exec-6] INFO  c.c.b.controllers.RewardController - Recompensa editada amb id 9
2025-05-16 08:24:29 [http-nio-8080-exec-3] INFO  c.c.b.controllers.RewardController - Visualització de la llista de recompenses (admin)
2025-05-16 08:24:33 [http-nio-8080-exec-7] INFO  c.c.b.controllers.UserController - Accés a la llista d'usuaris
2025-05-16 08:24:35 [http-nio-8080-exec-9] INFO  c.c.b.controllers.UserController - Accés al formulari d'edició per a l'usuari: ciclista@example.com
2025-05-16 08:24:43 [http-nio-8080-exec-10] INFO  c.c.b.controllers.UserController - Edició d'usuari: ciclista@example.com
2025-05-16 08:24:43 [http-nio-8080-exec-10] INFO  c.c.b.controllers.UserController - Usuari editat correctament: ciclista@example.com
2025-05-16 08:24:43 [http-nio-8080-exec-10] INFO  c.c.b.controllers.UserController - Accés a la llista d'usuaris
